TID: [-1234] [2024-07-10 09:52:39,734]  INFO {AUDIT_LOG} - Initiator=w**************r Action=Get-User-Claim-Values Target=a***n Data={"Claims":{},"Profile":"default"} Outcome=Success
TID: [-1234] [2024-07-10 09:52:39,734]  INFO {AUDIT_LOG} - Initiator=w**************r Action=Get-User-Claim-Values Target=a***n Data={"Claims":{},"Profile":"default"} Outcome=Success
TID: [-1234] [2024-07-10 09:52:39,734]  INFO {AUDIT_LOG} - Initiator=w**************r Action=Get-User-Claim-Values Target=a***n Data={"Claims":{},"Profile":"default"} Outcome=Success
TID: [-1234] [2024-07-10 09:52:39,733]  INFO {AUDIT_LOG} - Initiator=w**************r Action=Get-User-Claim-Values Target=a***n Data={"Claims":{},"Profile":"default"} Outcome=Success
TID: [-1234] [2024-07-10 09:52:39,733]  INFO {AUDIT_LOG} - Initiator=w**************r Action=Get-User-Claim-Values Target=a***n Data={"Claims":{},"Profile":"default"} Outcome=Success
TID: [-1234] [2024-07-10 09:52:39,733]  INFO {AUDIT_LOG} - Initiator=w**************r Action=Get-User-Claim-Values Target=a***n Data={"Claims":{},"Profile":"default"} Outcome=Success
TID: [-1234] [2024-07-10 09:52:39,734]  INFO {AUDIT_LOG} - Initiator=w**************r Action=Get-User-Claim-Values Target=a***n Data={"Claims":{},"Profile":"default"} Outcome=Success
TID: [-1234] [2024-07-10 09:52:39,734]  INFO {AUDIT_LOG} - Initiator=w**************r Action=Get-User-Claim-Values Target=a***n Data={"Claims":{},"Profile":"default"} Outcome=Success
TID: [-1234] [2024-07-10 09:52:39,734]  INFO {AUDIT_LOG} - Initiator=w**************r Action=Get-User-Claim-Values Target=a***n Data={"Claims":{},"Profile":"default"} Outcome=Success
TID: [-1234] [2024-07-10 09:52:39,740]  INFO {AUDIT_LOG} - Initiator=w**************r Action=Get-User-Claim-Values Target=a***n Data={"Claims":{},"Profile":"default"} Outcome=Success
TID: [-1234] [2024-07-10 09:52:39,740]  INFO {AUDIT_LOG} - Initiator=w**************r Action=Get-User-Claim-Values Target=a***n Data={"Claims":{},"Profile":"default"} Outcome=Success
TID: [-1234] [2024-07-10 09:52:39,740]  INFO {AUDIT_LOG} - Initiator=w**************r Action=Get-User-Claim-Values Target=a***n Data={"Claims":{},"Profile":"default"} Outcome=Success
TID: [-1234] [2024-07-10 09:52:39,740]  INFO {AUDIT_LOG} - Initiator=w**************r Action=Get-User-Claim-Values Target=a***n Data={"Claims":{},"Profile":"default"} Outcome=Success
TID: [-1234] [2024-07-10 09:52:39,741]  INFO {AUDIT_LOG} - Initiator=w**************r Action=Get-User-Claim-Values Target=a***n Data={"Claims":{},"Profile":"default"} Outcome=Success
TID: [-1234] [2024-07-10 09:52:39,741]  INFO {AUDIT_LOG} - Initiator=w**************r Action=Get-User-Claim-Values Target=a***n Data={"Claims":{},"Profile":"default"} Outcome=Success
TID: [-1234] [2024-07-10 09:52:39,741]  INFO {AUDIT_LOG} - Initiator=w**************r Action=Get-User-Claim-Values Target=a***n Data={"Claims":{},"Profile":"default"} Outcome=Success
TID: [-1234] [2024-07-10 09:52:39,741]  INFO {AUDIT_LOG} - Initiator=w**************r Action=Get-User-Claim-Values Target=a***n Data={"Claims":{},"Profile":"default"} Outcome=Success
TID: [-1234] [2024-07-10 09:52:39,745]  INFO {AUDIT_LOG} - Initiator=w**************r Action=Get-User-Claim-Values Target=a***n Data={"Claims":{},"Profile":"default"} Outcome=Success
TID: [-1234] [2024-07-10 09:52:39,745]  INFO {AUDIT_LOG} - Initiator=w**************r Action=Get-User-Claim-Values Target=a***n Data={"Claims":{},"Profile":"default"} Outcome=Success
TID: [-1234] [2024-07-10 09:52:39,746]  INFO {AUDIT_LOG} - Initiator=w**************r Action=Get-User-Claim-Values Target=a***n Data={"Claims":{},"Profile":"default"} Outcome=Success
TID: [-1234] [2024-07-10 09:52:39,746]  INFO {AUDIT_LOG} - Initiator=w**************r Action=Get-User-Claim-Values Target=a***n Data={"Claims":{},"Profile":"default"} Outcome=Success
TID: [-1234] [2024-07-10 09:52:39,747]  INFO {AUDIT_LOG} - Initiator=w**************r Action=Get-User-Claim-Values Target=a***n Data={"Claims":{},"Profile":"default"} Outcome=Success
TID: [-1234] [2024-07-10 09:52:39,748]  INFO {AUDIT_LOG} - Initiator=w**************r Action=Get-User-Claim-Values Target=a***n Data={"Claims":{},"Profile":"default"} Outcome=Success
TID: [-1234] [2024-07-10 09:52:39,748]  INFO {AUDIT_LOG} - Initiator=w**************r Action=Get-User-Claim-Values Target=a***n Data={"Claims":{},"Profile":"default"} Outcome=Success
TID: [-1234] [2024-07-10 09:52:39,749]  INFO {AUDIT_LOG} - Initiator=w**************r Action=Get-User-Claim-Values Target=a***n Data={"Claims":{},"Profile":"default"} Outcome=Success
TID: [-1234] [2024-07-10 09:52:39,753]  INFO {AUDIT_LOG} - Initiator=w**************r Action=Get-User-Claim-Values Target=a***n Data={"Claims":{},"Profile":"default"} Outcome=Success
TID: [-1234] [2024-07-10 09:52:39,754]  INFO {AUDIT_LOG} - Initiator=w**************r Action=Get-User-Claim-Values Target=a***n Data={"Claims":{},"Profile":"default"} Outcome=Success
TID: [-1234] [2024-07-10 09:52:40,756]  INFO {AUDIT_LOG} - Initiator=w**************r Action=Get-User-Claim-Values Target=a***n Data={"Claims":{},"Profile":"default"} Outcome=Success
TID: [-1234] [2024-07-10 09:52:40,758]  INFO {AUDIT_LOG} - Initiator=w**************r Action=Get-User-Claim-Values Target=a***n Data={"Claims":{},"Profile":"default"} Outcome=Success
TID: [-1234] [2024-07-10 09:52:40,758]  INFO {AUDIT_LOG} - Initiator=w**************r Action=Get-User-Claim-Values Target=a***n Data={"Claims":{},"Profile":"default"} Outcome=Success
TID: [-1234] [2024-07-10 09:52:40,772]  INFO {AUDIT_LOG} - Initiator=w**************r Action=Get-User-Claim-Values Target=a***n Data={"Claims":{},"Profile":"default"} Outcome=Success
TID: [-1234] [2024-07-10 09:52:40,774]  INFO {AUDIT_LOG} - Initiator=w**************r Action=Get-User-Claim-Values Target=a***n Data={"Claims":{},"Profile":"default"} Outcome=Success
TID: [-1234] [2024-07-10 09:52:40,774]  INFO {AUDIT_LOG} - Initiator=w**************r Action=Get-User-Claim-Values Target=a***n Data={"Claims":{},"Profile":"default"} Outcome=Success
TID: [-1234] [2024-07-10 09:52:40,786]  INFO {AUDIT_LOG} - Initiator=w**************r Action=Get-User-Claim-Values Target=a***n Data={"Claims":{},"Profile":"default"} Outcome=Success
TID: [-1234] [2024-07-10 09:52:40,787]  INFO {AUDIT_LOG} - Initiator=w**************r Action=Get-User-Claim-Values Target=a***n Data={"Claims":{},"Profile":"default"} Outcome=Success
TID: [-1234] [2024-07-10 09:52:40,788]  INFO {AUDIT_LOG} - Initiator=w**************r Action=Get-User-Claim-Values Target=a***n Data={"Claims":{},"Profile":"default"} Outcome=Success
TID: [-1234] [2024-07-10 09:52:40,790]  INFO {AUDIT_LOG} - Initiator=w**************r Action=Get-User-Claim-Values Target=a***n Data={"Claims":{},"Profile":"default"} Outcome=Success
TID: [-1234] [2024-07-10 09:52:40,793]  INFO {AUDIT_LOG} - Initiator=w**************r Action=Get-User-Claim-Values Target=a***n Data={"Claims":{},"Profile":"default"} Outcome=Success
TID: [-1234] [2024-07-10 09:52:40,793]  INFO {AUDIT_LOG} - Initiator=w**************r Action=Get-User-Claim-Values Target=a***n Data={"Claims":{},"Profile":"default"} Outcome=Success
TID: [-1234] [2024-07-10 09:52:40,811]  INFO {AUDIT_LOG} - Initiator=w**************r Action=Get-User-Claim-Values Target=a***n Data={"Claims":{},"Profile":"default"} Outcome=Success
TID: [-1234] [2024-07-10 09:52:40,812]  INFO {AUDIT_LOG} - Initiator=w**************r Action=Get-User-Claim-Values Target=a***n Data={"Claims":{},"Profile":"default"} Outcome=Success
TID: [-1234] [2024-07-10 09:52:40,813]  INFO {AUDIT_LOG} - Initiator=w**************r Action=Get-User-Claim-Values Target=a***n Data={"Claims":{},"Profile":"default"} Outcome=Success
TID: [-1234] [2024-07-10 09:52:40,836]  INFO {AUDIT_LOG} - Initiator=w**************r Action=Get-User-Claim-Values Target=a***n Data={"Claims":{},"Profile":"default"} Outcome=Success
TID: [-1234] [2024-07-10 09:52:40,836]  INFO {AUDIT_LOG} - Initiator=w**************r Action=Get-User-Claim-Values Target=a***n Data={"Claims":{},"Profile":"default"} Outcome=Success
TID: [-1234] [2024-07-10 09:52:40,837]  INFO {AUDIT_LOG} - Initiator=w**************r Action=Get-User-Claim-Values Target=a***n Data={"Claims":{},"Profile":"default"} Outcome=Success
TID: [-1234] [2024-07-10 09:52:40,837]  INFO {AUDIT_LOG} - Initiator=w**************r Action=Get-User-Claim-Values Target=a***n Data={"Claims":{},"Profile":"default"} Outcome=Success
TID: [-1234] [2024-07-10 09:52:40,837]  INFO {AUDIT_LOG} - Initiator=w**************r Action=Get-User-Claim-Values Target=a***n Data={"Claims":{},"Profile":"default"} Outcome=Success
TID: [-1234] [2024-07-10 09:52:40,838]  INFO {AUDIT_LOG} - Initiator=w**************r Action=Get-User-Claim-Values Target=a***n Data={"Claims":{},"Profile":"default"} Outcome=Success
TID: [-1234] [2024-07-10 09:52:40,860]  INFO {AUDIT_LOG} - Initiator=w**************r Action=Get-User-Claim-Values Target=a***n Data={"Claims":{},"Profile":"default"} Outcome=Success
TID: [-1234] [2024-07-10 09:52:40,862]  INFO {AUDIT_LOG} - Initiator=w**************r Action=Get-User-Claim-Values Target=a***n Data={"Claims":{},"Profile":"default"} Outcome=Success
TID: [-1234] [2024-07-10 09:52:40,862]  INFO {AUDIT_LOG} - Initiator=w**************r Action=Get-User-Claim-Values Target=a***n Data={"Claims":{},"Profile":"default"} Outcome=Success
TID: [] [2024-07-10 09:52:40,865]  INFO {AUDIT_LOG} - {"performedBy":"SYSTEM: carbon.super","action":"deployed","typ":"API"}
TID: [-1234] [2024-07-10 09:52:40,870]  INFO {AUDIT_LOG} - Initiator=w**************r Action=Get-User-Claim-Values Target=a***n Data={"Claims":{},"Profile":"default"} Outcome=Success
TID: [-1234] [2024-07-10 09:52:40,870]  INFO {AUDIT_LOG} - Initiator=w**************r Action=Get-User-Claim-Values Target=a***n Data={"Claims":{},"Profile":"default"} Outcome=Success
TID: [-1234] [2024-07-10 09:52:40,871]  INFO {AUDIT_LOG} - Initiator=w**************r Action=Get-User-Claim-Values Target=a***n Data={"Claims":{},"Profile":"default"} Outcome=Success
TID: [-1234] [2024-07-10 09:52:40,872]  INFO {AUDIT_LOG} - Initiator=w**************r Action=Get-User-Claim-Values Target=a***n Data={"Claims":{},"Profile":"default"} Outcome=Success
TID: [-1234] [2024-07-10 09:52:40,872]  INFO {AUDIT_LOG} - Initiator=w**************r Action=Get-User-Claim-Values Target=a***n Data={"Claims":{},"Profile":"default"} Outcome=Success
TID: [-1234] [2024-07-10 09:52:40,872]  INFO {AUDIT_LOG} - Initiator=w**************r Action=Get-User-Claim-Values Target=a***n Data={"Claims":{},"Profile":"default"} Outcome=Success
TID: [-1234] [2024-07-10 09:52:40,885]  INFO {AUDIT_LOG} - Initiator=w**************r Action=Get-User-Claim-Values Target=a***n Data={"Claims":{},"Profile":"default"} Outcome=Success
TID: [-1234] [2024-07-10 09:52:40,887]  INFO {AUDIT_LOG} - Initiator=w**************r Action=Get-User-Claim-Values Target=a***n Data={"Claims":{},"Profile":"default"} Outcome=Success
TID: [-1234] [2024-07-10 09:52:40,887]  INFO {AUDIT_LOG} - Initiator=w**************r Action=Get-User-Claim-Values Target=a***n Data={"Claims":{},"Profile":"default"} Outcome=Success
TID: [-1234] [2024-07-10 09:52:40,902]  INFO {AUDIT_LOG} - Initiator=w**************r Action=Get-User-Claim-Values Target=a***n Data={"Claims":{},"Profile":"default"} Outcome=Success
TID: [-1234] [2024-07-10 09:52:40,903]  INFO {AUDIT_LOG} - Initiator=w**************r Action=Get-User-Claim-Values Target=a***n Data={"Claims":{},"Profile":"default"} Outcome=Success
TID: [-1234] [2024-07-10 09:52:40,903]  INFO {AUDIT_LOG} - Initiator=w**************r Action=Get-User-Claim-Values Target=a***n Data={"Claims":{},"Profile":"default"} Outcome=Success
TID: [] [2024-07-10 09:52:41,321]  INFO {AUDIT_LOG} - Initiator=w**************r Action=Get-User-Claim-Values Target=a***n Data={"Claims":{},"Profile":"default"} Outcome=Success
TID: [] [2024-07-10 09:52:41,321]  INFO {AUDIT_LOG} - Initiator=w**************r Action=Get-User-Claim-Values Target=a***n Data={"Claims":{},"Profile":"default"} Outcome=Success
TID: [] [2024-07-10 09:52:41,321]  INFO {AUDIT_LOG} - Initiator=w**************r Action=Get-User-Claim-Values Target=a***n Data={"Claims":{},"Profile":"default"} Outcome=Success
TID: [] [2024-07-10 09:52:41,322]  INFO {AUDIT_LOG} - Initiator=w**************r Action=Get-User-Claim-Values Target=a***n Data={"Claims":{},"Profile":"default"} Outcome=Success
TID: [] [2024-07-10 09:52:41,322]  INFO {AUDIT_LOG} - Initiator=w**************r Action=Get-User-Claim-Values Target=a***n Data={"Claims":{},"Profile":"default"} Outcome=Success
TID: [] [2024-07-10 09:52:41,323]  INFO {AUDIT_LOG} - Initiator=w**************r Action=Get-User-Claim-Values Target=a***n Data={"Claims":{},"Profile":"default"} Outcome=Success
TID: [] [2024-07-10 09:52:41,323]  INFO {AUDIT_LOG} - Initiator=w**************r Action=Get-User-Claim-Values Target=a***n Data={"Claims":{},"Profile":"default"} Outcome=Success
TID: [] [2024-07-10 09:52:41,323]  INFO {AUDIT_LOG} - Initiator=w**************r Action=Get-User-Claim-Values Target=a***n Data={"Claims":{},"Profile":"default"} Outcome=Success
TID: [] [2024-07-10 09:52:41,323]  INFO {AUDIT_LOG} - Initiator=w**************r Action=Get-User-Claim-Values Target=a***n Data={"Claims":{},"Profile":"default"} Outcome=Success
TID: [] [2024-07-10 09:52:41,327]  INFO {AUDIT_LOG} - Initiator=w**************r Action=Get-User-Claim-Values Target=a***n Data={"Claims":{},"Profile":"default"} Outcome=Success
TID: [] [2024-07-10 09:52:41,327]  INFO {AUDIT_LOG} - Initiator=w**************r Action=Get-User-Claim-Values Target=a***n Data={"Claims":{},"Profile":"default"} Outcome=Success
TID: [] [2024-07-10 09:52:41,328]  INFO {AUDIT_LOG} - Initiator=w**************r Action=Get-User-Claim-Values Target=a***n Data={"Claims":{},"Profile":"default"} Outcome=Success
TID: [] [2024-07-10 09:52:41,328]  INFO {AUDIT_LOG} - Initiator=w**************r Action=Get-User-Claim-Values Target=a***n Data={"Claims":{},"Profile":"default"} Outcome=Success
TID: [] [2024-07-10 09:52:41,328]  INFO {AUDIT_LOG} - Initiator=w**************r Action=Get-User-Claim-Values Target=a***n Data={"Claims":{},"Profile":"default"} Outcome=Success
TID: [] [2024-07-10 09:52:41,329]  INFO {AUDIT_LOG} - Initiator=w**************r Action=Get-User-Claim-Values Target=a***n Data={"Claims":{},"Profile":"default"} Outcome=Success
TID: [] [2024-07-10 09:52:41,329]  INFO {AUDIT_LOG} - Initiator=w**************r Action=Get-User-Claim-Values Target=a***n Data={"Claims":{},"Profile":"default"} Outcome=Success
TID: [] [2024-07-10 09:52:41,329]  INFO {AUDIT_LOG} - Initiator=w**************r Action=Get-User-Claim-Values Target=a***n Data={"Claims":{},"Profile":"default"} Outcome=Success
TID: [] [2024-07-10 09:52:41,330]  INFO {AUDIT_LOG} - Initiator=w**************r Action=Get-User-Claim-Values Target=a***n Data={"Claims":{},"Profile":"default"} Outcome=Success
TID: [] [2024-07-10 09:52:41,330]  INFO {AUDIT_LOG} - Initiator=w**************r Action=Get-User-Claim-Values Target=a***n Data={"Claims":{},"Profile":"default"} Outcome=Success
TID: [] [2024-07-10 09:52:41,331]  INFO {AUDIT_LOG} - Initiator=w**************r Action=Get-User-Claim-Values Target=a***n Data={"Claims":{},"Profile":"default"} Outcome=Success
TID: [] [2024-07-10 09:52:41,331]  INFO {AUDIT_LOG} - Initiator=w**************r Action=Get-User-Claim-Values Target=a***n Data={"Claims":{},"Profile":"default"} Outcome=Success
TID: [] [2024-07-10 09:52:41,333]  INFO {AUDIT_LOG} - Initiator=w**************r Action=Get-User-Claim-Values Target=a***n Data={"Claims":{},"Profile":"default"} Outcome=Success
TID: [] [2024-07-10 09:52:41,335]  INFO {AUDIT_LOG} - Initiator=w**************r Action=Get-User-Claim-Values Target=a***n Data={"Claims":{},"Profile":"default"} Outcome=Success
TID: [] [2024-07-10 09:52:41,335]  INFO {AUDIT_LOG} - Initiator=w**************r Action=Get-User-Claim-Values Target=a***n Data={"Claims":{},"Profile":"default"} Outcome=Success
TID: [] [2024-07-10 09:52:41,347]  INFO {AUDIT_LOG} - Initiator=w**************r Action=Get-User-Claim-Values Target=a***n Data={"Claims":{},"Profile":"default"} Outcome=Success
TID: [] [2024-07-10 09:52:41,348]  INFO {AUDIT_LOG} - Initiator=w**************r Action=Get-User-Claim-Values Target=a***n Data={"Claims":{},"Profile":"default"} Outcome=Success
TID: [] [2024-07-10 09:52:41,348]  INFO {AUDIT_LOG} - Initiator=w**************r Action=Get-User-Claim-Values Target=a***n Data={"Claims":{},"Profile":"default"} Outcome=Success
TID: [] [2024-07-10 09:52:41,405]  INFO {AUDIT_LOG} - Initiator=w**************r Action=Get-User-Claim-Values Target=a***n Data={"Claims":{},"Profile":"default"} Outcome=Success
TID: [] [2024-07-10 09:52:41,407]  INFO {AUDIT_LOG} - Initiator=w**************r Action=Get-User-Claim-Values Target=a***n Data={"Claims":{},"Profile":"default"} Outcome=Success
TID: [] [2024-07-10 09:52:41,407]  INFO {AUDIT_LOG} - Initiator=w**************r Action=Get-User-Claim-Values Target=a***n Data={"Claims":{},"Profile":"default"} Outcome=Success
TID: [] [2024-07-10 09:52:41,416]  INFO {AUDIT_LOG} - Initiator=w**************r Action=Get-User-Claim-Values Target=a***n Data={"Claims":{},"Profile":"default"} Outcome=Success
TID: [] [2024-07-10 09:52:41,417]  INFO {AUDIT_LOG} - Initiator=w**************r Action=Get-User-Claim-Values Target=a***n Data={"Claims":{},"Profile":"default"} Outcome=Success
TID: [] [2024-07-10 09:52:41,417]  INFO {AUDIT_LOG} - Initiator=w**************r Action=Get-User-Claim-Values Target=a***n Data={"Claims":{},"Profile":"default"} Outcome=Success
TID: [] [2024-07-10 09:52:41,417]  INFO {AUDIT_LOG} - Initiator=w**************r Action=Get-User-Claim-Values Target=a***n Data={"Claims":{},"Profile":"default"} Outcome=Success
TID: [] [2024-07-10 09:52:41,418]  INFO {AUDIT_LOG} - Initiator=w**************r Action=Get-User-Claim-Values Target=a***n Data={"Claims":{},"Profile":"default"} Outcome=Success
TID: [] [2024-07-10 09:52:41,419]  INFO {AUDIT_LOG} - Initiator=w**************r Action=Get-User-Claim-Values Target=a***n Data={"Claims":{},"Profile":"default"} Outcome=Success
TID: [] [2024-07-10 09:52:41,427]  INFO {AUDIT_LOG} - Initiator=w**************r Action=Get-User-Claim-Values Target=a***n Data={"Claims":{},"Profile":"default"} Outcome=Success
TID: [] [2024-07-10 09:52:41,429]  INFO {AUDIT_LOG} - Initiator=w**************r Action=Get-User-Claim-Values Target=a***n Data={"Claims":{},"Profile":"default"} Outcome=Success
TID: [] [2024-07-10 09:52:41,429]  INFO {AUDIT_LOG} - Initiator=w**************r Action=Get-User-Claim-Values Target=a***n Data={"Claims":{},"Profile":"default"} Outcome=Success
TID: [] [2024-07-10 09:52:41,436]  INFO {AUDIT_LOG} - Initiator=w**************r Action=Get-User-Claim-Values Target=a***n Data={"Claims":{},"Profile":"default"} Outcome=Success
TID: [] [2024-07-10 09:52:41,436]  INFO {AUDIT_LOG} - Initiator=w**************r Action=Get-User-Claim-Values Target=a***n Data={"Claims":{},"Profile":"default"} Outcome=Success
TID: [] [2024-07-10 09:52:41,437]  INFO {AUDIT_LOG} - Initiator=w**************r Action=Get-User-Claim-Values Target=a***n Data={"Claims":{},"Profile":"default"} Outcome=Success
TID: [] [2024-07-10 09:52:41,437]  INFO {AUDIT_LOG} - Initiator=w**************r Action=Get-User-Claim-Values Target=a***n Data={"Claims":{},"Profile":"default"} Outcome=Success
TID: [] [2024-07-10 09:52:41,438]  INFO {AUDIT_LOG} - Initiator=w**************r Action=Get-User-Claim-Values Target=a***n Data={"Claims":{},"Profile":"default"} Outcome=Success
TID: [] [2024-07-10 09:52:41,438]  INFO {AUDIT_LOG} - Initiator=w**************r Action=Get-User-Claim-Values Target=a***n Data={"Claims":{},"Profile":"default"} Outcome=Success
TID: [] [2024-07-10 09:52:41,439]  INFO {AUDIT_LOG} - Initiator=w**************r Action=Get-User-Claim-Values Target=a***n Data={"Claims":{},"Profile":"default"} Outcome=Success
TID: [] [2024-07-10 09:52:41,440]  INFO {AUDIT_LOG} - Initiator=w**************r Action=Get-User-Claim-Values Target=a***n Data={"Claims":{},"Profile":"default"} Outcome=Success
TID: [] [2024-07-10 09:52:41,441]  INFO {AUDIT_LOG} - Initiator=w**************r Action=Get-User-Claim-Values Target=a***n Data={"Claims":{},"Profile":"default"} Outcome=Success
TID: [] [2024-07-10 09:52:41,445]  INFO {AUDIT_LOG} - Initiator=w**************r Action=Get-User-Claim-Values Target=a***n Data={"Claims":{},"Profile":"default"} Outcome=Success
TID: [] [2024-07-10 09:52:41,446]  INFO {AUDIT_LOG} - Initiator=w**************r Action=Get-User-Claim-Values Target=a***n Data={"Claims":{},"Profile":"default"} Outcome=Success
TID: [] [2024-07-10 09:52:41,446]  INFO {AUDIT_LOG} - Initiator=w**************r Action=Get-User-Claim-Values Target=a***n Data={"Claims":{},"Profile":"default"} Outcome=Success
TID: [] [2024-07-10 09:52:41,452]  INFO {AUDIT_LOG} - Initiator=w**************r Action=Get-User-Claim-Values Target=a***n Data={"Claims":{},"Profile":"default"} Outcome=Success
TID: [] [2024-07-10 09:52:41,454]  INFO {AUDIT_LOG} - Initiator=w**************r Action=Get-User-Claim-Values Target=a***n Data={"Claims":{},"Profile":"default"} Outcome=Success
TID: [] [2024-07-10 09:52:41,454]  INFO {AUDIT_LOG} - Initiator=w**************r Action=Get-User-Claim-Values Target=a***n Data={"Claims":{},"Profile":"default"} Outcome=Success
TID: [] [2024-07-10 09:52:41,463]  INFO {AUDIT_LOG} - Initiator=w**************r Action=Get-User-Claim-Values Target=a***n Data={"Claims":{},"Profile":"default"} Outcome=Success
TID: [] [2024-07-10 09:52:41,465]  INFO {AUDIT_LOG} - Initiator=w**************r Action=Get-User-Claim-Values Target=a***n Data={"Claims":{},"Profile":"default"} Outcome=Success
TID: [] [2024-07-10 09:52:41,466]  INFO {AUDIT_LOG} - Initiator=w**************r Action=Get-User-Claim-Values Target=a***n Data={"Claims":{},"Profile":"default"} Outcome=Success
TID: [] [2024-07-10 09:52:41,551]  INFO {AUDIT_LOG} - Initiator=w**************r Action=Get-Roles-of-User Target=a***n Data={"Filter":"*","Roles":["Internal/subscriber","Internal/creator","Internal/publisher","Internal/everyone","Internal/devops","admin","Internal/analytics","Internal/observer","Internal/integration_dev"]} Outcome=Success
TID: [-1234] [2024-07-10 09:52:41,937]  INFO {AUDIT_LOG} - Initiator=w**************r Action=Get-User-Claim-Values Target=a***n Data={"Claims":{},"Profile":"default"} Outcome=Success
TID: [-1234] [2024-07-10 09:52:41,939]  INFO {AUDIT_LOG} - Initiator=w**************r Action=Get-User-Claim-Values Target=a***n Data={"Claims":{},"Profile":"default"} Outcome=Success
TID: [-1234] [2024-07-10 09:52:41,939]  INFO {AUDIT_LOG} - Initiator=w**************r Action=Get-User-Claim-Values Target=a***n Data={"Claims":{},"Profile":"default"} Outcome=Success
TID: [-1234] [2024-07-10 09:52:41,946]  INFO {AUDIT_LOG} - Initiator=w**************r Action=Get-User-Claim-Values Target=a***n Data={"Claims":{},"Profile":"default"} Outcome=Success
TID: [-1234] [2024-07-10 09:52:41,947]  INFO {AUDIT_LOG} - Initiator=w**************r Action=Get-User-Claim-Values Target=a***n Data={"Claims":{},"Profile":"default"} Outcome=Success
TID: [-1234] [2024-07-10 09:52:41,950]  INFO {AUDIT_LOG} - Initiator=w**************r Action=Get-User-Claim-Values Target=a***n Data={"Claims":{},"Profile":"default"} Outcome=Success
TID: [-1234] [2024-07-10 09:52:41,950]  INFO {AUDIT_LOG} - Initiator=w**************r Action=Get-User-Claim-Values Target=a***n Data={"Claims":{},"Profile":"default"} Outcome=Success
TID: [-1234] [2024-07-10 09:52:41,950]  INFO {AUDIT_LOG} - Initiator=w**************r Action=Get-User-Claim-Values Target=a***n Data={"Claims":{},"Profile":"default"} Outcome=Success
TID: [-1234] [2024-07-10 09:52:41,951]  INFO {AUDIT_LOG} - Initiator=w**************r Action=Get-User-Claim-Values Target=a***n Data={"Claims":{},"Profile":"default"} Outcome=Success
TID: [-1234] [2024-07-10 09:55:54,979]  INFO {AUDIT_LOG} - Initiator=w**************r Action=Get-User-List Target=null Data={"ServiceProviderName":"apim_publisher","Claim Value":"a***n","Users":["a***n"],"Claim":"http://wso2.org/claims/username"} Outcome=Success
TID: [-1234] [2024-07-10 09:55:54,983]  INFO {AUDIT_LOG} - Initiator=w**************r Action=Get-User-Claim-Values Target=a***n Data={"ServiceProviderName":"apim_publisher","Claims":{},"Profile":"default"} Outcome=Success
TID: [-1234] [2024-07-10 09:55:54,984]  INFO {AUDIT_LOG} - Initiator=w**************r Action=Get-User-Claim-Values Target=a***n Data={"ServiceProviderName":"apim_publisher","Claims":{},"Profile":"default"} Outcome=Success
TID: [-1234] [2024-07-10 09:55:54,984]  INFO {AUDIT_LOG} - Initiator=w**************r Action=Get-User-Claim-Values Target=a***n Data={"ServiceProviderName":"apim_publisher","Claims":{},"Profile":"default"} Outcome=Success
TID: [-1234] [2024-07-10 09:55:54,990]  INFO {AUDIT_LOG} - Initiator : a***n | Action : LoginStepSuccess | Target : ApplicationAuthenticationFramework | Data : { "ContextIdentifier" : "74405a6f-d6c3-4ba6-a29e-f5cba6e23719","AuthenticatedUser" : "a***n","AuthenticatedUserTenantDomain" : "carbon.super","ServiceProviderName" : "apim_publisher","RequestType" : "oidc","RelyingParty" : "i2wLJch1M3ssod_mgfogTzlXtMIa","AuthenticatedIdP" : "LOCAL","User Agent" : "null","RemoteAddress" : "null","UserStoreDomain" : "PRIMARY" } | Result : Success 
TID: [-1234] [2024-07-10 09:55:54,996]  INFO {AUDIT_LOG} - Initiator : a****************r | Action : Authenticate | Target : ApplicationAuthenticationFramework | Data : { Step: 1, IDP: LOCAL, Authenticator:BasicAuthenticator } | Result : Success 
TID: [-1234] [2024-07-10 09:55:55,003]  INFO {AUDIT_LOG} - Initiator=w**************r Action=Get-User-Claim-Values Target=a***n Data={"ServiceProviderName":"apim_publisher","Claims":{"http://wso2.org/claims/username":"a***n","http://wso2.org/claims/userid":"1f34ba32-c39f-4ff1-ab5f-d3cf392bd02f","http://wso2.org/claims/role":"I***********************************************************************************************************************************************************v","http://wso2.org/claims/userprincipal":"a***n"}} Outcome=Success
TID: [-1234] [2024-07-10 09:55:55,086]  INFO {AUDIT_LOG} - Initiator : 1f34ba32-c39f-4ff1-ab5f-d3cf392bd02f | Action : StoreSession | Data : { {"traceId":"a29bf233-87e2-4b07-b26c-6d1b3afebb4b","RememberMe":true,"sessionContextId":"a4ed56427c79c3f93e4a02158168357e1502559c7b16720f60c3b4f803d5f575","AuthenticatedUserTenantDomain":"carbon.super","AuthenticatedUser":"a***n","LastAccessedTimestamp":1720594555009} } | Result : Success 
TID: [-1234] [2024-07-10 09:55:55,108]  INFO {AUDIT_LOG} - Initiator : 1f34ba32-c39f-4ff1-ab5f-d3cf392bd02f | Action : Login | Target : ApplicationAuthenticationFramework | Data : { "ContextIdentifier" : "74405a6f-d6c3-4ba6-a29e-f5cba6e23719","AuthenticatedUser" : "a***n","AuthenticatedUserTenantDomain" : "carbon.super","ServiceProviderName" : "apim_publisher","RequestType" : "oidc","RelyingParty" : "i2wLJch1M3ssod_mgfogTzlXtMIa","AuthenticatedIdPs" : "eyJ0eXAiOiJKV1QiLCJhbGciOiJIUzI1NiJ9.eyJpc3MiOiJ3c28yIiwiZXhwIjoxNzIwNTk0NTU3OTk3LCJpYXQiOjE3MjA1OTQ1NTQ5OTcsImlkcHMiOlt7ImlkcCI6IkxPQ0FMIiwiYXV0aGVudGljYXRvciI6IkJhc2ljQXV0aGVudGljYXRvciJ9XX0.Yt83LotcHaaNjCulVlraE642ZNWDqXNQmUszGERQ64U","User Agent" : "null","RemoteAddress" : "null","UserStoreDomain" : "PRIMARY" } | Result : Success 
TID: [-1234] [2024-07-10 09:55:55,831]  INFO {AUDIT_LOG} - Initiator=w**************r Action=Get-User-List Target=null Data={"Claim Value":"a***n","Users":["a***n"],"Claim":"http://wso2.org/claims/username"} Outcome=Success
TID: [-1234] [2024-07-10 09:55:55,835]  INFO {AUDIT_LOG} - Initiator=w**************r Action=Get-User-Claim-Values Target=a***n Data={"Claims":{},"Profile":"default"} Outcome=Success
TID: [-1234] [2024-07-10 09:55:55,837]  INFO {AUDIT_LOG} - Initiator=w**************r Action=Get-User-Claim-Values Target=a***n Data={"Claims":{},"Profile":"default"} Outcome=Success
TID: [-1234] [2024-07-10 09:55:55,837]  INFO {AUDIT_LOG} - Initiator=w**************r Action=Get-User-Claim-Values Target=a***n Data={"Claims":{},"Profile":"default"} Outcome=Success
TID: [-1234] [2024-07-10 09:55:58,051]  INFO {AUDIT_LOG} - GET /api/am/publisher/settings user: admin@carbon.super app: i2wLJch1M3ssod_mgfogTzlXtMIa
TID: [-1234] [2024-07-10 09:55:58,059]  INFO {AUDIT_LOG} - GET /api/am/publisher/apis?limit=10&offset=0 user: admin@carbon.super app: i2wLJch1M3ssod_mgfogTzlXtMIa
TID: [-1234] [2024-07-10 09:56:11,985]  INFO {AUDIT_LOG} - GET /api/am/publisher/search?limit=10&offset=0&query=name%3Atest user: admin@carbon.super app: i2wLJch1M3ssod_mgfogTzlXtMIa
TID: [-1234] [2024-07-10 09:56:20,972]  INFO {AUDIT_LOG} - GET /api/am/publisher/search?limit=10&offset=0&query=context%3A%2Ftesting user: admin@carbon.super app: i2wLJch1M3ssod_mgfogTzlXtMIa
TID: [-1234] [2024-07-10 09:56:48,673]  INFO {AUDIT_LOG} - POST /api/am/publisher/apis/validate-endpoint?endpointUrl=https%3A%2F%2Flocalhost%3A9076%2Fapi user: admin@carbon.super app: i2wLJch1M3ssod_mgfogTzlXtMIa
TID: [-1234] [2024-07-10 09:56:50,894]  INFO {AUDIT_LOG} - POST /api/am/publisher/apis/validate-endpoint?endpointUrl=https%3A%2F%2Flocalhost%3A9076%2Fapi user: admin@carbon.super app: i2wLJch1M3ssod_mgfogTzlXtMIa
TID: [-1234] [2024-07-10 10:17:47,976]  INFO {AUDIT_LOG} - GET /api/am/publisher/settings user: admin@carbon.super app: i2wLJch1M3ssod_mgfogTzlXtMIa
TID: [-1234] [2024-07-10 10:17:53,240]  INFO {AUDIT_LOG} - GET /api/am/publisher/search?limit=10&offset=0&query=name%3Atestlocal user: admin@carbon.super app: i2wLJch1M3ssod_mgfogTzlXtMIa
TID: [-1234] [2024-07-10 10:17:53,665]  INFO {AUDIT_LOG} - Initiator=1f34ba32-c39f-4ff1-ab5f-d3cf392bd02f Action=Get-Roles-of-User Target=a***n Data={"Filter":"*","Roles":["Internal/subscriber","Internal/creator","Internal/publisher","Internal/everyone","Internal/devops","admin","Internal/analytics","Internal/observer","Internal/integration_dev"]} Outcome=Success
TID: [-1234] [2024-07-10 10:18:00,581]  INFO {AUDIT_LOG} - GET /api/am/publisher/search?limit=10&offset=0&query=context%3A%2Ftest user: admin@carbon.super app: i2wLJch1M3ssod_mgfogTzlXtMIa
TID: [-1234] [2024-07-10 10:18:05,609]  INFO {AUDIT_LOG} - GET /api/am/publisher/search?limit=10&offset=0&query=name%3Atestlocalv1 user: admin@carbon.super app: i2wLJch1M3ssod_mgfogTzlXtMIa
TID: [-1234] [2024-07-10 10:21:18,283]  INFO {AUDIT_LOG} - POST /api/am/publisher/apis/validate-endpoint?endpointUrl=https%3A%2F%2Flocalhost%3A7016%2Fapi user: admin@carbon.super app: i2wLJch1M3ssod_mgfogTzlXtMIa
TID: [-1234] [2024-07-10 10:21:22,361]  INFO {AUDIT_LOG} - GET /api/am/publisher/throttling-policies/subscription user: admin@carbon.super app: i2wLJch1M3ssod_mgfogTzlXtMIa
TID: [-1234] [2024-07-10 10:21:23,764]  INFO {AUDIT_LOG} - POST /api/am/publisher/apis?openAPIVersion=v3 user: admin@carbon.super app: i2wLJch1M3ssod_mgfogTzlXtMIa
TID: [] [2024-07-10 10:21:27,055]  INFO {AUDIT_LOG} - Initiator=w**************r Action=Get-User-Claim-Values Target=a***n Data={"Claims":{},"Profile":"default"} Outcome=Success
TID: [] [2024-07-10 10:21:27,057]  INFO {AUDIT_LOG} - Initiator=w**************r Action=Get-User-Claim-Values Target=a***n Data={"Claims":{},"Profile":"default"} Outcome=Success
TID: [] [2024-07-10 10:21:27,057]  INFO {AUDIT_LOG} - Initiator=w**************r Action=Get-User-Claim-Values Target=a***n Data={"Claims":{},"Profile":"default"} Outcome=Success
TID: [-1234] [2024-07-10 10:21:27,079]  INFO {AUDIT_LOG} - {"performedBy":"admin","action":"created","typ":"API","info":{"provider":"admin","name":"TestLocalv1","context":"/Test/v1","version":"v1"}}
TID: [-1234] [2024-07-10 10:21:29,449]  INFO {AUDIT_LOG} - GET /api/am/publisher/apis/ea18e495-bf1c-47d1-a691-7620572c6c62 user: admin@carbon.super app: i2wLJch1M3ssod_mgfogTzlXtMIa
TID: [-1234] [2024-07-10 10:21:29,486]  INFO {AUDIT_LOG} - GET /api/am/publisher/tenants?state=active user: admin@carbon.super app: i2wLJch1M3ssod_mgfogTzlXtMIa
TID: [] [2024-07-10 10:21:29,859]  INFO {AUDIT_LOG} - Initiator=w**************r Action=Get-User-Claim-Values Target=a***n Data={"Claims":{},"Profile":"default"} Outcome=Success
TID: [] [2024-07-10 10:21:29,860]  INFO {AUDIT_LOG} - Initiator=w**************r Action=Get-User-Claim-Values Target=a***n Data={"Claims":{},"Profile":"default"} Outcome=Success
TID: [] [2024-07-10 10:21:29,860]  INFO {AUDIT_LOG} - Initiator=w**************r Action=Get-User-Claim-Values Target=a***n Data={"Claims":{},"Profile":"default"} Outcome=Success
TID: [-1234] [2024-07-10 10:21:29,991]  INFO {AUDIT_LOG} - GET /api/am/publisher/apis/ea18e495-bf1c-47d1-a691-7620572c6c62/swagger user: admin@carbon.super app: i2wLJch1M3ssod_mgfogTzlXtMIa
TID: [-1234] [2024-07-10 10:21:30,079]  INFO {AUDIT_LOG} - GET /api/am/publisher/apis/ea18e495-bf1c-47d1-a691-7620572c6c62/revisions user: admin@carbon.super app: i2wLJch1M3ssod_mgfogTzlXtMIa
TID: [-1234] [2024-07-10 10:21:30,200]  INFO {AUDIT_LOG} - GET /api/am/publisher/apis/ea18e495-bf1c-47d1-a691-7620572c6c62/revisions?query=deployed%3Atrue user: admin@carbon.super app: i2wLJch1M3ssod_mgfogTzlXtMIa
TID: [-1234] [2024-07-10 10:21:30,502]  INFO {AUDIT_LOG} - GET /api/am/publisher/apis/ea18e495-bf1c-47d1-a691-7620572c6c62/revisions?query=deployed%3Atrue user: admin@carbon.super app: i2wLJch1M3ssod_mgfogTzlXtMIa
TID: [-1234] [2024-07-10 10:21:30,580]  INFO {AUDIT_LOG} - GET /api/am/publisher/apis/ea18e495-bf1c-47d1-a691-7620572c6c62/swagger user: admin@carbon.super app: i2wLJch1M3ssod_mgfogTzlXtMIa
TID: [-1234] [2024-07-10 10:21:30,580]  INFO {AUDIT_LOG} - GET /api/am/publisher/apis/ea18e495-bf1c-47d1-a691-7620572c6c62/revisions?query=deployed%3Atrue user: admin@carbon.super app: i2wLJch1M3ssod_mgfogTzlXtMIa
TID: [-1234] [2024-07-10 10:21:30,645]  INFO {AUDIT_LOG} - GET /api/am/publisher/apis/ea18e495-bf1c-47d1-a691-7620572c6c62/revisions?query=deployed%3Atrue user: admin@carbon.super app: i2wLJch1M3ssod_mgfogTzlXtMIa
TID: [-1234] [2024-07-10 10:21:30,746]  INFO {AUDIT_LOG} - GET /api/am/publisher/apis/ea18e495-bf1c-47d1-a691-7620572c6c62/swagger user: admin@carbon.super app: i2wLJch1M3ssod_mgfogTzlXtMIa
TID: [-1234] [2024-07-10 10:21:36,912]  INFO {AUDIT_LOG} - GET /api/am/publisher/apis/ea18e495-bf1c-47d1-a691-7620572c6c62/swagger user: admin@carbon.super app: i2wLJch1M3ssod_mgfogTzlXtMIa
TID: [-1234] [2024-07-10 10:21:36,914]  INFO {AUDIT_LOG} - GET /api/am/publisher/apis/ea18e495-bf1c-47d1-a691-7620572c6c62/amznResourceNames user: admin@carbon.super app: i2wLJch1M3ssod_mgfogTzlXtMIa
TID: [-1234] [2024-07-10 10:21:36,931]  INFO {AUDIT_LOG} - GET /api/am/publisher/scopes?limit=2000&offset=0 user: admin@carbon.super app: i2wLJch1M3ssod_mgfogTzlXtMIa
TID: [-1234] [2024-07-10 10:21:36,931]  INFO {AUDIT_LOG} - GET /api/am/publisher/throttling-policies/api?limit=80 user: admin@carbon.super app: i2wLJch1M3ssod_mgfogTzlXtMIa
TID: [-1234] [2024-07-10 10:21:41,767]  INFO {AUDIT_LOG} - GET /api/am/publisher/apis/ea18e495-bf1c-47d1-a691-7620572c6c62/swagger user: admin@carbon.super app: i2wLJch1M3ssod_mgfogTzlXtMIa
TID: [-1234] [2024-07-10 10:21:42,441]  INFO {AUDIT_LOG} - GET /api/am/publisher/endpoint-certificates?endpoint=https%3A%2F%2Flocalhost%3A7016%2Fapi user: admin@carbon.super app: i2wLJch1M3ssod_mgfogTzlXtMIa
TID: [-1234] [2024-07-10 10:21:42,578]  INFO {AUDIT_LOG} - GET /api/am/publisher/apis/ea18e495-bf1c-47d1-a691-7620572c6c62/swagger user: admin@carbon.super app: i2wLJch1M3ssod_mgfogTzlXtMIa
TID: [-1234] [2024-07-10 10:22:02,807]  INFO {AUDIT_LOG} - GET /api/am/publisher/apis/ea18e495-bf1c-47d1-a691-7620572c6c62/generated-mock-scripts user: admin@carbon.super app: i2wLJch1M3ssod_mgfogTzlXtMIa
TID: [-1234] [2024-07-10 10:22:02,807]  INFO {AUDIT_LOG} - POST /api/am/publisher/apis/ea18e495-bf1c-47d1-a691-7620572c6c62/generate-mock-scripts user: admin@carbon.super app: i2wLJch1M3ssod_mgfogTzlXtMIa
TID: [-1234] [2024-07-10 10:49:05,228]  INFO {AUDIT_LOG} - PUT /api/am/publisher/apis/ea18e495-bf1c-47d1-a691-7620572c6c62/swagger user: admin@carbon.super app: i2wLJch1M3ssod_mgfogTzlXtMIa
TID: [] [2024-07-10 10:49:20,711]  INFO {AUDIT_LOG} - Initiator=w**************r Action=Get-User-Claim-Values Target=a***n Data={"Claims":{},"Profile":"default"} Outcome=Success
TID: [] [2024-07-10 10:49:20,715]  INFO {AUDIT_LOG} - Initiator=w**************r Action=Get-User-Claim-Values Target=a***n Data={"Claims":{},"Profile":"default"} Outcome=Success
TID: [] [2024-07-10 10:49:20,715]  INFO {AUDIT_LOG} - Initiator=w**************r Action=Get-User-Claim-Values Target=a***n Data={"Claims":{},"Profile":"default"} Outcome=Success
TID: [-1234] [2024-07-10 10:49:22,296]  INFO {AUDIT_LOG} - {"performedBy":"admin","action":"updated","typ":"API","info":{"provider":"admin","name":"TestLocalv1","context":"/Test/v1","version":"v1"}}
TID: [] [2024-07-10 10:49:23,576]  INFO {AUDIT_LOG} - Initiator=w**************r Action=Get-Roles-of-User Target=a***n Data={"Filter":"*","Roles":["Internal/subscriber","Internal/creator","Internal/publisher","Internal/everyone","Internal/devops","admin","Internal/analytics","Internal/observer","Internal/integration_dev"]} Outcome=Success
TID: [] [2024-07-10 10:49:24,047]  INFO {AUDIT_LOG} - Initiator=w**************r Action=Get-User-Claim-Values Target=a***n Data={"Claims":{},"Profile":"default"} Outcome=Success
TID: [] [2024-07-10 10:49:24,048]  INFO {AUDIT_LOG} - Initiator=w**************r Action=Get-User-Claim-Values Target=a***n Data={"Claims":{},"Profile":"default"} Outcome=Success
TID: [] [2024-07-10 10:49:24,048]  INFO {AUDIT_LOG} - Initiator=w**************r Action=Get-User-Claim-Values Target=a***n Data={"Claims":{},"Profile":"default"} Outcome=Success
TID: [-1234] [2024-07-10 10:49:25,550]  INFO {AUDIT_LOG} - PUT /api/am/publisher/apis/ea18e495-bf1c-47d1-a691-7620572c6c62 user: admin@carbon.super app: i2wLJch1M3ssod_mgfogTzlXtMIa
TID: [-1234] [2024-07-10 10:49:27,727]  INFO {AUDIT_LOG} - PUT /api/am/publisher/apis/ea18e495-bf1c-47d1-a691-7620572c6c62/swagger user: admin@carbon.super app: i2wLJch1M3ssod_mgfogTzlXtMIa
TID: [-1234] [2024-07-10 10:49:29,445]  INFO {AUDIT_LOG} - {"performedBy":"admin","action":"updated","typ":"API","info":{"provider":"admin","name":"TestLocalv1","context":"/Test/v1","version":"v1"}}
TID: [-1234] [2024-07-10 10:49:30,129]  INFO {AUDIT_LOG} - PUT /api/am/publisher/apis/ea18e495-bf1c-47d1-a691-7620572c6c62 user: admin@carbon.super app: i2wLJch1M3ssod_mgfogTzlXtMIa
TID: [-1234] [2024-07-10 10:49:30,394]  INFO {AUDIT_LOG} - {"performedBy":"admin","action":"updated","typ":"API","info":{"provider":"admin","name":"TestLocalv1","context":"/Test/v1","version":"v1"}}
TID: [-1234] [2024-07-10 10:49:31,988]  INFO {AUDIT_LOG} - GET /api/am/publisher/apis/ea18e495-bf1c-47d1-a691-7620572c6c62/swagger user: admin@carbon.super app: i2wLJch1M3ssod_mgfogTzlXtMIa
TID: [-1234] [2024-07-10 10:49:32,263]  INFO {AUDIT_LOG} - {"performedBy":"admin","action":"updated","typ":"API","info":{"provider":"admin","name":"TestLocalv1","context":"/Test/v1","version":"v1"}}
TID: [-1234] [2024-07-10 10:49:32,391]  INFO {AUDIT_LOG} - GET /api/am/publisher/endpoint-certificates?endpoint=https%3A%2F%2Flocalhost%3A7016%2Fapi user: admin@carbon.super app: i2wLJch1M3ssod_mgfogTzlXtMIa
TID: [-1234] [2024-07-10 10:49:32,847]  INFO {AUDIT_LOG} - GET /api/am/publisher/apis/ea18e495-bf1c-47d1-a691-7620572c6c62/swagger user: admin@carbon.super app: i2wLJch1M3ssod_mgfogTzlXtMIa
TID: [-1234] [2024-07-10 10:49:32,925]  INFO {AUDIT_LOG} - GET /api/am/publisher/endpoint-certificates?endpoint=https%3A%2F%2Flocalhost%3A7016%2Fapi user: admin@carbon.super app: i2wLJch1M3ssod_mgfogTzlXtMIa
TID: [-1234] [2024-07-10 10:49:47,415]  INFO {AUDIT_LOG} - GET /api/am/publisher/apis/ea18e495-bf1c-47d1-a691-7620572c6c62/asyncapi user: admin@carbon.super app: i2wLJch1M3ssod_mgfogTzlXtMIa
TID: [-1234] [2024-07-10 10:49:56,756]  INFO {AUDIT_LOG} - GET /api/am/publisher/tenants?state=ACTIVE user: admin@carbon.super app: i2wLJch1M3ssod_mgfogTzlXtMIa
TID: [-1234] [2024-07-10 10:49:56,832]  INFO {AUDIT_LOG} - GET /api/am/publisher/api-categories user: admin@carbon.super app: i2wLJch1M3ssod_mgfogTzlXtMIa
TID: [-1234] [2024-07-10 10:49:57,326]  INFO {AUDIT_LOG} - GET /api/am/publisher/apis/ea18e495-bf1c-47d1-a691-7620572c6c62/documents?limit=1000 user: admin@carbon.super app: i2wLJch1M3ssod_mgfogTzlXtMIa
TID: [-1234] [2024-07-10 10:50:42,675]  INFO {AUDIT_LOG} - GET /api/am/publisher/apis/ea18e495-bf1c-47d1-a691-7620572c6c62/comments?limit=5&offset=0 user: admin@carbon.super app: i2wLJch1M3ssod_mgfogTzlXtMIa
TID: [-1234] [2024-07-10 10:50:43,530]  INFO {AUDIT_LOG} - GET /api/am/publisher/apis/ea18e495-bf1c-47d1-a691-7620572c6c62/documents?limit=1000 user: admin@carbon.super app: i2wLJch1M3ssod_mgfogTzlXtMIa
TID: [-1234] [2024-07-10 10:50:44,876]  INFO {AUDIT_LOG} - GET /api/am/publisher/tenants?state=ACTIVE user: admin@carbon.super app: i2wLJch1M3ssod_mgfogTzlXtMIa
TID: [-1234] [2024-07-10 10:50:44,974]  INFO {AUDIT_LOG} - GET /api/am/publisher/subscriptions?apiId=ea18e495-bf1c-47d1-a691-7620572c6c62 user: admin@carbon.super app: i2wLJch1M3ssod_mgfogTzlXtMIa
TID: [-1234] [2024-07-10 10:50:47,964]  INFO {AUDIT_LOG} - GET /api/am/publisher/throttling-policies/subscription user: admin@carbon.super app: i2wLJch1M3ssod_mgfogTzlXtMIa
TID: [-1234] [2024-07-10 10:50:47,976]  INFO {AUDIT_LOG} - GET /api/am/publisher/subscriptions?apiId=ea18e495-bf1c-47d1-a691-7620572c6c62&limit=2000&offset=0 user: admin@carbon.super app: i2wLJch1M3ssod_mgfogTzlXtMIa
TID: [-1234] [2024-07-10 10:50:47,981]  INFO {AUDIT_LOG} - GET /api/am/publisher/apis/ea18e495-bf1c-47d1-a691-7620572c6c62/subscription-policies user: admin@carbon.super app: i2wLJch1M3ssod_mgfogTzlXtMIa
TID: [-1234] [2024-07-10 10:50:48,134]  INFO {AUDIT_LOG} - GET /api/am/publisher/apis/ea18e495-bf1c-47d1-a691-7620572c6c62/monetization user: admin@carbon.super app: i2wLJch1M3ssod_mgfogTzlXtMIa
TID: [-1234] [2024-07-10 10:50:59,625]  INFO {AUDIT_LOG} - GET /api/am/publisher/apis/ea18e495-bf1c-47d1-a691-7620572c6c62/swagger user: admin@carbon.super app: i2wLJch1M3ssod_mgfogTzlXtMIa
TID: [-1234] [2024-07-10 10:50:59,711]  INFO {AUDIT_LOG} - GET /api/am/publisher/apis/ea18e495-bf1c-47d1-a691-7620572c6c62/deployments user: admin@carbon.super app: i2wLJch1M3ssod_mgfogTzlXtMIa
TID: [-1234] [2024-07-10 10:50:59,925]  INFO {AUDIT_LOG} - POST /api/am/publisher/apis/ea18e495-bf1c-47d1-a691-7620572c6c62/generate-key user: admin@carbon.super app: i2wLJch1M3ssod_mgfogTzlXtMIa
TID: [-1234] [2024-07-10 10:51:00,516]  INFO {AUDIT_LOG} - GET /api/am/publisher/apis/ea18e495-bf1c-47d1-a691-7620572c6c62/asyncapi user: admin@carbon.super app: i2wLJch1M3ssod_mgfogTzlXtMIa
TID: [-1234] [2024-07-10 10:51:16,315]  INFO {AUDIT_LOG} - POST /api/am/publisher/apis/ea18e495-bf1c-47d1-a691-7620572c6c62/revisions user: admin@carbon.super app: i2wLJch1M3ssod_mgfogTzlXtMIa
TID: [-1234] [2024-07-10 10:51:16,315]  INFO {AUDIT_LOG} - POST /api/am/publisher/apis/ea18e495-bf1c-47d1-a691-7620572c6c62/revisions user: admin@carbon.super app: i2wLJch1M3ssod_mgfogTzlXtMIa
TID: [-1234] [2024-07-10 10:51:16,355]  INFO {AUDIT_LOG} - POST /api/am/publisher/apis/ea18e495-bf1c-47d1-a691-7620572c6c62/revisions user: admin@carbon.super app: i2wLJch1M3ssod_mgfogTzlXtMIa
TID: [-1234] [2024-07-10 10:51:16,355]  INFO {AUDIT_LOG} - POST /api/am/publisher/apis/ea18e495-bf1c-47d1-a691-7620572c6c62/revisions user: admin@carbon.super app: i2wLJch1M3ssod_mgfogTzlXtMIa
TID: [-1234] [2024-07-10 10:51:18,761]  INFO {AUDIT_LOG} - POST /api/am/publisher/apis/ea18e495-bf1c-47d1-a691-7620572c6c62/revisions user: admin@carbon.super app: i2wLJch1M3ssod_mgfogTzlXtMIa
TID: [-1234] [2024-07-10 10:51:27,445]  INFO {AUDIT_LOG} - POST /api/am/publisher/apis/ea18e495-bf1c-47d1-a691-7620572c6c62/revisions user: admin@carbon.super app: i2wLJch1M3ssod_mgfogTzlXtMIa
TID: [-1234] [2024-07-10 10:51:55,856]  INFO {AUDIT_LOG} - POST /api/am/publisher/apis/ea18e495-bf1c-47d1-a691-7620572c6c62/revisions user: admin@carbon.super app: i2wLJch1M3ssod_mgfogTzlXtMIa
TID: [-1234] [2024-07-10 10:52:02,262]  INFO {AUDIT_LOG} - POST /api/am/publisher/apis/ea18e495-bf1c-47d1-a691-7620572c6c62/deploy-revision?revisionId=e082cfb0-eac2-4b7c-a677-1be6ddf40e0e user: admin@carbon.super app: i2wLJch1M3ssod_mgfogTzlXtMIa
TID: [-1234] [2024-07-10 10:52:06,887]  INFO {AUDIT_LOG} - POST /api/am/publisher/apis/ea18e495-bf1c-47d1-a691-7620572c6c62/revisions user: admin@carbon.super app: i2wLJch1M3ssod_mgfogTzlXtMIa
TID: [-1234] [2024-07-10 10:52:07,951]  INFO {AUDIT_LOG} - GET /api/am/publisher/apis/ea18e495-bf1c-47d1-a691-7620572c6c62/revisions user: admin@carbon.super app: i2wLJch1M3ssod_mgfogTzlXtMIa
TID: [-1234] [2024-07-10 10:52:08,084]  INFO {AUDIT_LOG} - GET /api/am/publisher/apis/ea18e495-bf1c-47d1-a691-7620572c6c62/asyncapi user: admin@carbon.super app: i2wLJch1M3ssod_mgfogTzlXtMIa
TID: [-1234] [2024-07-10 10:52:08,440]  INFO {AUDIT_LOG} - GET /api/am/publisher/apis/ea18e495-bf1c-47d1-a691-7620572c6c62/revisions?query=deployed%3Atrue user: admin@carbon.super app: i2wLJch1M3ssod_mgfogTzlXtMIa
TID: [-1234] [2024-07-10 10:52:08,660]  INFO {AUDIT_LOG} - POST /api/am/publisher/apis/ea18e495-bf1c-47d1-a691-7620572c6c62/deploy-revision?revisionId=bb4206d0-e832-46da-9413-01f06d46a4a7 user: admin@carbon.super app: i2wLJch1M3ssod_mgfogTzlXtMIa
TID: [-1234] [2024-07-10 10:52:08,709]  INFO {AUDIT_LOG} - GET /api/am/publisher/apis/ea18e495-bf1c-47d1-a691-7620572c6c62/asyncapi user: admin@carbon.super app: i2wLJch1M3ssod_mgfogTzlXtMIa
TID: [-1234] [2024-07-10 10:52:09,941]  INFO {AUDIT_LOG} - GET /api/am/publisher/apis/ea18e495-bf1c-47d1-a691-7620572c6c62/revisions?query=deployed%3Atrue user: admin@carbon.super app: i2wLJch1M3ssod_mgfogTzlXtMIa
TID: [-1234] [2024-07-10 10:52:09,941]  INFO {AUDIT_LOG} - GET /api/am/publisher/apis/ea18e495-bf1c-47d1-a691-7620572c6c62/revisions user: admin@carbon.super app: i2wLJch1M3ssod_mgfogTzlXtMIa
TID: [-1234] [2024-07-10 10:52:10,086]  INFO {AUDIT_LOG} - GET /api/am/publisher/apis/ea18e495-bf1c-47d1-a691-7620572c6c62/asyncapi user: admin@carbon.super app: i2wLJch1M3ssod_mgfogTzlXtMIa
TID: [-1234] [2024-07-10 10:52:10,207]  INFO {AUDIT_LOG} - GET /api/am/publisher/apis/ea18e495-bf1c-47d1-a691-7620572c6c62/asyncapi user: admin@carbon.super app: i2wLJch1M3ssod_mgfogTzlXtMIa
TID: [-1234] [2024-07-10 10:52:10,283]  INFO {AUDIT_LOG} - GET /api/am/publisher/apis/ea18e495-bf1c-47d1-a691-7620572c6c62/asyncapi user: admin@carbon.super app: i2wLJch1M3ssod_mgfogTzlXtMIa
TID: [-1234] [2024-07-10 10:52:10,296]  INFO {AUDIT_LOG} - GET /api/am/publisher/apis/ea18e495-bf1c-47d1-a691-7620572c6c62/asyncapi user: admin@carbon.super app: i2wLJch1M3ssod_mgfogTzlXtMIa
TID: [-1234] [2024-07-10 10:53:15,014]  INFO {AUDIT_LOG} - GET /api/am/publisher/apis/ea18e495-bf1c-47d1-a691-7620572c6c62/client-certificates user: admin@carbon.super app: i2wLJch1M3ssod_mgfogTzlXtMIa
TID: [-1234] [2024-07-10 10:53:15,020]  INFO {AUDIT_LOG} - GET /api/am/publisher/key-managers user: admin@carbon.super app: i2wLJch1M3ssod_mgfogTzlXtMIa
TID: [-1234] [2024-07-10 10:53:18,646]  INFO {AUDIT_LOG} - GET /api/am/publisher/key-managers user: admin@carbon.super app: i2wLJch1M3ssod_mgfogTzlXtMIa
TID: [-1234] [2024-07-10 10:53:33,695]  INFO {AUDIT_LOG} - GET /api/am/publisher/apis/ea18e495-bf1c-47d1-a691-7620572c6c62/swagger user: admin@carbon.super app: i2wLJch1M3ssod_mgfogTzlXtMIa
TID: [-1234] [2024-07-10 10:53:33,697]  INFO {AUDIT_LOG} - GET /api/am/publisher/endpoint-certificates?endpoint=https%3A%2F%2Flocalhost%3A7016%2Fapi user: admin@carbon.super app: i2wLJch1M3ssod_mgfogTzlXtMIa
TID: [-1234] [2024-07-10 10:53:35,300]  INFO {AUDIT_LOG} - GET /api/am/publisher/settings user: admin@carbon.super app: i2wLJch1M3ssod_mgfogTzlXtMIa
TID: [-1234] [2024-07-10 10:53:41,105]  INFO {AUDIT_LOG} - HEAD /api/am/publisher/scopes/2YE user: admin@carbon.super app: i2wLJch1M3ssod_mgfogTzlXtMIa
TID: [-1234] [2024-07-10 10:53:41,270]  INFO {AUDIT_LOG} - HEAD /api/am/publisher/scopes/2YHYqw user: admin@carbon.super app: i2wLJch1M3ssod_mgfogTzlXtMIa
TID: [-1234] [2024-07-10 10:53:41,444]  INFO {AUDIT_LOG} - HEAD /api/am/publisher/scopes/2YHYq9iz user: admin@carbon.super app: i2wLJch1M3ssod_mgfogTzlXtMIa
TID: [-1234] [2024-07-10 10:53:41,770]  INFO {AUDIT_LOG} - HEAD /api/am/publisher/scopes/2YHYqw user: admin@carbon.super app: i2wLJch1M3ssod_mgfogTzlXtMIa
TID: [-1234] [2024-07-10 10:53:41,966]  INFO {AUDIT_LOG} - HEAD /api/am/publisher/scopes/2YE user: admin@carbon.super app: i2wLJch1M3ssod_mgfogTzlXtMIa
TID: [-1234] [2024-07-10 10:53:43,898]  INFO {AUDIT_LOG} - HEAD /api/am/publisher/scopes/Uw user: admin@carbon.super app: i2wLJch1M3ssod_mgfogTzlXtMIa
TID: [-1234] [2024-07-10 10:53:44,050]  INFO {AUDIT_LOG} - HEAD /api/am/publisher/scopes/U2M user: admin@carbon.super app: i2wLJch1M3ssod_mgfogTzlXtMIa
TID: [-1234] [2024-07-10 10:53:44,290]  INFO {AUDIT_LOG} - HEAD /api/am/publisher/scopes/U2Ny user: admin@carbon.super app: i2wLJch1M3ssod_mgfogTzlXtMIa
TID: [-1234] [2024-07-10 10:53:44,601]  INFO {AUDIT_LOG} - HEAD /api/am/publisher/scopes/U2M user: admin@carbon.super app: i2wLJch1M3ssod_mgfogTzlXtMIa
TID: [-1234] [2024-07-10 10:53:44,973]  INFO {AUDIT_LOG} - HEAD /api/am/publisher/scopes/U2Nv user: admin@carbon.super app: i2wLJch1M3ssod_mgfogTzlXtMIa
TID: [-1234] [2024-07-10 10:53:45,148]  INFO {AUDIT_LOG} - HEAD /api/am/publisher/scopes/U2NvcA user: admin@carbon.super app: i2wLJch1M3ssod_mgfogTzlXtMIa
TID: [-1234] [2024-07-10 10:53:45,266]  INFO {AUDIT_LOG} - HEAD /api/am/publisher/scopes/U2NvcHI user: admin@carbon.super app: i2wLJch1M3ssod_mgfogTzlXtMIa
TID: [-1234] [2024-07-10 10:53:45,782]  INFO {AUDIT_LOG} - HEAD /api/am/publisher/scopes/U2NvcA user: admin@carbon.super app: i2wLJch1M3ssod_mgfogTzlXtMIa
TID: [-1234] [2024-07-10 10:53:45,923]  INFO {AUDIT_LOG} - HEAD /api/am/publisher/scopes/U2NvcGU user: admin@carbon.super app: i2wLJch1M3ssod_mgfogTzlXtMIa
TID: [-1234] [2024-07-10 10:53:58,564]  INFO {AUDIT_LOG} - HEAD /api/am/publisher/scopes/U2NvcGVUZXN0 user: admin@carbon.super app: i2wLJch1M3ssod_mgfogTzlXtMIa
TID: [-1234] [2024-07-10 10:54:00,686]  INFO {AUDIT_LOG} - HEAD /api/am/publisher/scopes/VA user: admin@carbon.super app: i2wLJch1M3ssod_mgfogTzlXtMIa
TID: [-1234] [2024-07-10 10:54:00,870]  INFO {AUDIT_LOG} - HEAD /api/am/publisher/scopes/VGU user: admin@carbon.super app: i2wLJch1M3ssod_mgfogTzlXtMIa
TID: [-1234] [2024-07-10 10:54:01,028]  INFO {AUDIT_LOG} - HEAD /api/am/publisher/scopes/VGVz user: admin@carbon.super app: i2wLJch1M3ssod_mgfogTzlXtMIa
TID: [-1234] [2024-07-10 10:54:01,235]  INFO {AUDIT_LOG} - HEAD /api/am/publisher/scopes/VGVzdA user: admin@carbon.super app: i2wLJch1M3ssod_mgfogTzlXtMIa
TID: [-1234] [2024-07-10 10:54:01,877]  INFO {AUDIT_LOG} - HEAD /api/am/publisher/scopes/VGVzdFM user: admin@carbon.super app: i2wLJch1M3ssod_mgfogTzlXtMIa
TID: [-1234] [2024-07-10 10:54:02,012]  INFO {AUDIT_LOG} - HEAD /api/am/publisher/scopes/VGVzdFND user: admin@carbon.super app: i2wLJch1M3ssod_mgfogTzlXtMIa
TID: [-1234] [2024-07-10 10:54:02,869]  INFO {AUDIT_LOG} - HEAD /api/am/publisher/scopes/VGVzdFM user: admin@carbon.super app: i2wLJch1M3ssod_mgfogTzlXtMIa
TID: [-1234] [2024-07-10 10:54:03,019]  INFO {AUDIT_LOG} - HEAD /api/am/publisher/scopes/VGVzdFNj user: admin@carbon.super app: i2wLJch1M3ssod_mgfogTzlXtMIa
TID: [-1234] [2024-07-10 10:54:03,130]  INFO {AUDIT_LOG} - HEAD /api/am/publisher/scopes/VGVzdFNjbw user: admin@carbon.super app: i2wLJch1M3ssod_mgfogTzlXtMIa
TID: [-1234] [2024-07-10 10:54:03,324]  INFO {AUDIT_LOG} - HEAD /api/am/publisher/scopes/VGVzdFNjb3A user: admin@carbon.super app: i2wLJch1M3ssod_mgfogTzlXtMIa
TID: [-1234] [2024-07-10 10:54:03,450]  INFO {AUDIT_LOG} - HEAD /api/am/publisher/scopes/VGVzdFNjb3Bl user: admin@carbon.super app: i2wLJch1M3ssod_mgfogTzlXtMIa
TID: [-1234] [2024-07-10 10:54:05,472]  INFO {AUDIT_LOG} - HEAD /api/am/publisher/scopes/VGVzdFNjb3Bl user: admin@carbon.super app: i2wLJch1M3ssod_mgfogTzlXtMIa
TID: [-1234] [2024-07-10 10:54:05,603]  INFO {AUDIT_LOG} - PUT /api/am/publisher/apis/ea18e495-bf1c-47d1-a691-7620572c6c62 user: admin@carbon.super app: i2wLJch1M3ssod_mgfogTzlXtMIa
TID: [-1234] [2024-07-10 10:54:06,082]  INFO {AUDIT_LOG} - {"performedBy":"admin","action":"updated","typ":"API","info":{"provider":"admin","name":"TestLocalv1","context":"/Test/v1","version":"v1"}}
TID: [-1234] [2024-07-10 10:54:06,376]  INFO {AUDIT_LOG} - GET /api/am/publisher/settings user: admin@carbon.super app: i2wLJch1M3ssod_mgfogTzlXtMIa
TID: [] [2024-07-10 10:54:06,476]  INFO {AUDIT_LOG} - Initiator=w**************r Action=Get-User-Claim-Values Target=a***n Data={"Claims":{},"Profile":"default"} Outcome=Success
TID: [] [2024-07-10 10:54:06,477]  INFO {AUDIT_LOG} - Initiator=w**************r Action=Get-User-Claim-Values Target=a***n Data={"Claims":{},"Profile":"default"} Outcome=Success
TID: [] [2024-07-10 10:54:06,477]  INFO {AUDIT_LOG} - Initiator=w**************r Action=Get-User-Claim-Values Target=a***n Data={"Claims":{},"Profile":"default"} Outcome=Success
TID: [] [2024-07-10 10:54:07,038]  INFO {AUDIT_LOG} - Initiator=w**************r Action=Get-User-Claim-Values Target=a***n Data={"Claims":{},"Profile":"default"} Outcome=Success
TID: [] [2024-07-10 10:54:07,038]  INFO {AUDIT_LOG} - Initiator=w**************r Action=Get-User-Claim-Values Target=a***n Data={"Claims":{},"Profile":"default"} Outcome=Success
TID: [] [2024-07-10 10:54:07,038]  INFO {AUDIT_LOG} - Initiator=w**************r Action=Get-User-Claim-Values Target=a***n Data={"Claims":{},"Profile":"default"} Outcome=Success
TID: [] [2024-07-10 10:54:07,189]  INFO {AUDIT_LOG} - Initiator=w**************r Action=Get-User-Claim-Values Target=a***n Data={"Claims":{},"Profile":"default"} Outcome=Success
TID: [] [2024-07-10 10:54:07,190]  INFO {AUDIT_LOG} - Initiator=w**************r Action=Get-User-Claim-Values Target=a***n Data={"Claims":{},"Profile":"default"} Outcome=Success
TID: [] [2024-07-10 10:54:07,190]  INFO {AUDIT_LOG} - Initiator=w**************r Action=Get-User-Claim-Values Target=a***n Data={"Claims":{},"Profile":"default"} Outcome=Success
TID: [-1234] [2024-07-10 10:54:13,507]  INFO {AUDIT_LOG} - GET /api/am/publisher/scopes?limit=2000&offset=0 user: admin@carbon.super app: i2wLJch1M3ssod_mgfogTzlXtMIa
TID: [-1234] [2024-07-10 10:54:13,507]  INFO {AUDIT_LOG} - GET /api/am/publisher/throttling-policies/api?limit=80 user: admin@carbon.super app: i2wLJch1M3ssod_mgfogTzlXtMIa
TID: [-1234] [2024-07-10 10:54:13,507]  INFO {AUDIT_LOG} - GET /api/am/publisher/apis/ea18e495-bf1c-47d1-a691-7620572c6c62/amznResourceNames user: admin@carbon.super app: i2wLJch1M3ssod_mgfogTzlXtMIa
TID: [-1234] [2024-07-10 10:54:13,573]  INFO {AUDIT_LOG} - GET /api/am/publisher/apis/ea18e495-bf1c-47d1-a691-7620572c6c62/swagger user: admin@carbon.super app: i2wLJch1M3ssod_mgfogTzlXtMIa
TID: [-1234] [2024-07-10 10:54:51,069]  INFO {AUDIT_LOG} - POST /api/am/publisher/apis/ea18e495-bf1c-47d1-a691-7620572c6c62/generate-key user: admin@carbon.super app: i2wLJch1M3ssod_mgfogTzlXtMIa
TID: [-1234] [2024-07-10 10:54:51,095]  INFO {AUDIT_LOG} - GET /api/am/publisher/apis/ea18e495-bf1c-47d1-a691-7620572c6c62/deployments user: admin@carbon.super app: i2wLJch1M3ssod_mgfogTzlXtMIa
TID: [-1234] [2024-07-10 10:54:51,099]  INFO {AUDIT_LOG} - GET /api/am/publisher/apis/ea18e495-bf1c-47d1-a691-7620572c6c62/swagger user: admin@carbon.super app: i2wLJch1M3ssod_mgfogTzlXtMIa
TID: [-1234] [2024-07-10 10:54:55,082]  INFO {AUDIT_LOG} - GET /api/am/publisher/apis/ea18e495-bf1c-47d1-a691-7620572c6c62/asyncapi user: admin@carbon.super app: i2wLJch1M3ssod_mgfogTzlXtMIa
TID: [-1234] [2024-07-10 10:55:06,718]  INFO {AUDIT_LOG} - POST /api/am/publisher/apis/ea18e495-bf1c-47d1-a691-7620572c6c62/revisions user: admin@carbon.super app: i2wLJch1M3ssod_mgfogTzlXtMIa
TID: [-1234] [2024-07-10 10:55:06,929]  INFO {AUDIT_LOG} - POST /api/am/publisher/apis/ea18e495-bf1c-47d1-a691-7620572c6c62/deploy-revision?revisionId=10e80e5b-38d4-4d77-b72b-b2953046c092 user: admin@carbon.super app: i2wLJch1M3ssod_mgfogTzlXtMIa
TID: [-1234] [2024-07-10 10:55:07,101]  INFO {AUDIT_LOG} - GET /api/am/publisher/apis/ea18e495-bf1c-47d1-a691-7620572c6c62/revisions user: admin@carbon.super app: i2wLJch1M3ssod_mgfogTzlXtMIa
TID: [-1234] [2024-07-10 10:55:07,129]  INFO {AUDIT_LOG} - GET /api/am/publisher/apis/ea18e495-bf1c-47d1-a691-7620572c6c62/revisions?query=deployed%3Atrue user: admin@carbon.super app: i2wLJch1M3ssod_mgfogTzlXtMIa
TID: [-1234] [2024-07-10 10:55:07,200]  INFO {AUDIT_LOG} - GET /api/am/publisher/apis/ea18e495-bf1c-47d1-a691-7620572c6c62/asyncapi user: admin@carbon.super app: i2wLJch1M3ssod_mgfogTzlXtMIa
TID: [-1234] [2024-07-10 10:55:07,368]  INFO {AUDIT_LOG} - GET /api/am/publisher/apis/ea18e495-bf1c-47d1-a691-7620572c6c62/asyncapi user: admin@carbon.super app: i2wLJch1M3ssod_mgfogTzlXtMIa
TID: [-1234] [2024-07-10 10:55:07,385]  INFO {AUDIT_LOG} - GET /api/am/publisher/apis/ea18e495-bf1c-47d1-a691-7620572c6c62/asyncapi user: admin@carbon.super app: i2wLJch1M3ssod_mgfogTzlXtMIa
TID: [-1234] [2024-07-10 10:55:13,656]  INFO {AUDIT_LOG} - DELETE /api/am/publisher/apis/ea18e495-bf1c-47d1-a691-7620572c6c62/revisions/adfa00cd-c232-4f2e-a0d8-c4863ecb730c user: admin@carbon.super app: i2wLJch1M3ssod_mgfogTzlXtMIa
TID: [-1234] [2024-07-10 10:55:13,949]  INFO {AUDIT_LOG} - GET /api/am/publisher/apis/ea18e495-bf1c-47d1-a691-7620572c6c62/revisions user: admin@carbon.super app: i2wLJch1M3ssod_mgfogTzlXtMIa
TID: [-1234] [2024-07-10 10:55:14,040]  INFO {AUDIT_LOG} - GET /api/am/publisher/apis/ea18e495-bf1c-47d1-a691-7620572c6c62/asyncapi user: admin@carbon.super app: i2wLJch1M3ssod_mgfogTzlXtMIa
TID: [-1234] [2024-07-10 10:55:14,186]  INFO {AUDIT_LOG} - GET /api/am/publisher/apis/ea18e495-bf1c-47d1-a691-7620572c6c62/asyncapi user: admin@carbon.super app: i2wLJch1M3ssod_mgfogTzlXtMIa
TID: [-1234] [2024-07-10 10:55:21,765]  INFO {AUDIT_LOG} - POST /api/am/publisher/apis/ea18e495-bf1c-47d1-a691-7620572c6c62/generate-key user: admin@carbon.super app: i2wLJch1M3ssod_mgfogTzlXtMIa
TID: [-1234] [2024-07-10 10:55:21,767]  INFO {AUDIT_LOG} - GET /api/am/publisher/apis/ea18e495-bf1c-47d1-a691-7620572c6c62/deployments user: admin@carbon.super app: i2wLJch1M3ssod_mgfogTzlXtMIa
TID: [-1234] [2024-07-10 10:55:21,801]  INFO {AUDIT_LOG} - GET /api/am/publisher/apis/ea18e495-bf1c-47d1-a691-7620572c6c62/swagger user: admin@carbon.super app: i2wLJch1M3ssod_mgfogTzlXtMIa
TID: [-1234] [2024-07-10 10:55:26,538]  INFO {AUDIT_LOG} - POST /api/am/publisher/apis/ea18e495-bf1c-47d1-a691-7620572c6c62/generate-key user: admin@carbon.super app: i2wLJch1M3ssod_mgfogTzlXtMIa
TID: [-1234] [2024-07-10 13:41:47,017]  INFO {AUDIT_LOG} - Initiator=w**************r Action=Get-User-Claim-Values Target=a***n Data={"Claims":{},"Profile":"default"} Outcome=Success
TID: [-1234] [2024-07-10 13:41:47,644]  INFO {AUDIT_LOG} - Initiator=w**************r Action=Get-Roles-of-User Target=a***n Data={"ServiceProviderName":"apim_publisher","Filter":"*","Roles":["Internal/subscriber","Internal/creator","Internal/publisher","Internal/everyone","Internal/devops","admin","Internal/analytics","Internal/observer","Internal/integration_dev"]} Outcome=Success
TID: [-1234] [2024-07-10 13:41:47,676]  INFO {AUDIT_LOG} - Initiator=w**************r Action=Get-User-Claim-Values Target=a***n Data={"ServiceProviderName":"apim_publisher","Claims":{"http://wso2.org/claims/username":"a***n","http://wso2.org/claims/userid":"1f34ba32-c39f-4ff1-ab5f-d3cf392bd02f","http://wso2.org/claims/role":"I***********************************************************************************************************************************************************v","http://wso2.org/claims/userprincipal":"a***n"}} Outcome=Success
TID: [-1234] [2024-07-10 13:41:50,268]  INFO {AUDIT_LOG} - Initiator : 1f34ba32-c39f-4ff1-ab5f-d3cf392bd02f | Action : UpdateSession | Data : { {"traceId":"ae62bf16-cee4-4f72-99ca-2cbf00c480c3","RememberMe":true,"sessionContextId":"a4ed56427c79c3f93e4a02158168357e1502559c7b16720f60c3b4f803d5f575","AuthenticatedUserTenantDomain":"carbon.super","AuthenticatedUser":"a***n","LastAccessedTimestamp":1720608108426} } | Result : Success 
TID: [-1234] [2024-07-10 13:41:50,590]  INFO {AUDIT_LOG} - Initiator : 1f34ba32-c39f-4ff1-ab5f-d3cf392bd02f | Action : Login | Target : ApplicationAuthenticationFramework | Data : { "ContextIdentifier" : "e56a666e-6da7-4e1e-ae86-58abe74bb957","AuthenticatedUser" : "a***n","AuthenticatedUserTenantDomain" : "carbon.super","ServiceProviderName" : "apim_publisher","RequestType" : "oidc","RelyingParty" : "i2wLJch1M3ssod_mgfogTzlXtMIa","AuthenticatedIdPs" : "eyJ0eXAiOiJKV1QiLCJhbGciOiJIUzI1NiJ9.eyJpc3MiOiJ3c28yIiwiZXhwIjoxNzIwNjA4MTEwMjM0LCJpYXQiOjE3MjA2MDgxMDcyMzQsImlkcHMiOlt7ImlkcCI6IkxPQ0FMIiwiYXV0aGVudGljYXRvciI6IkJhc2ljQXV0aGVudGljYXRvciJ9XX0.qoNDIXVvUtLzf0vrfXFBvoGdWjMLkNCjcbWKYR0ntPQ","User Agent" : "null","RemoteAddress" : "null","UserStoreDomain" : "PRIMARY" } | Result : Success 
TID: [-1234] [2024-07-10 13:41:58,736]  INFO {AUDIT_LOG} - Initiator=w**************r Action=Get-User-List Target=null Data={"Claim Value":"a***n","Users":["a***n"],"Claim":"http://wso2.org/claims/username"} Outcome=Success
TID: [-1234] [2024-07-10 13:41:59,440]  INFO {AUDIT_LOG} - Initiator=w**************r Action=Get-User-Claim-Values Target=a***n Data={"Claims":{},"Profile":"default"} Outcome=Success
TID: [-1234] [2024-07-10 13:41:59,441]  INFO {AUDIT_LOG} - Initiator=w**************r Action=Get-User-Claim-Values Target=a***n Data={"Claims":{},"Profile":"default"} Outcome=Success
TID: [-1234] [2024-07-10 13:41:59,486]  INFO {AUDIT_LOG} - Initiator=w**************r Action=Get-User-Claim-Values Target=a***n Data={"Claims":{},"Profile":"default"} Outcome=Success
TID: [-1234] [2024-07-10 13:42:03,586]  INFO {AUDIT_LOG} - GET /api/am/publisher/settings user: admin@carbon.super app: i2wLJch1M3ssod_mgfogTzlXtMIa
TID: [-1234] [2024-07-10 13:42:03,643]  INFO {AUDIT_LOG} - GET /api/am/publisher/apis?limit=10&offset=0 user: admin@carbon.super app: i2wLJch1M3ssod_mgfogTzlXtMIa
